<?xml version="1.0" encoding="UTF-8"?>
<!-- Generated by org.testng.reporters.JUnitReportReporter -->
<testsuite hostname="Noak-pc" name="test.webui.recipes.applications.PetClinicTest" tests="1" failures="1" timestamp="15 Feb 2012 10:08:27 GMT" time="0.016" errors="0">
  <testcase name="petClinicDemoTest" time="0.016" classname="test.webui.recipes.applications.PetClinicTest">
    <failure type="org.openspaces.admin.AdminException" message="ElasticScaleHandler requires exactly one ESM server running.">
      <![CDATA[org.openspaces.admin.AdminException: ElasticScaleHandler requires exactly one ESM server running.
	at org.openspaces.admin.internal.gsm.DefaultGridServiceManager.getElasticServiceManager(DefaultGridServiceManager.java:482)
	at org.openspaces.admin.internal.gsm.DefaultGridServiceManager.isManagedByElasticServiceManager(DefaultGridServiceManager.java:500)
	at org.openspaces.admin.internal.gsm.DefaultGridServiceManager.undeployProcessingUnitsAndWait(DefaultGridServiceManager.java:589)
	at org.openspaces.admin.internal.gsm.DefaultGridServiceManagers.undeployProcessingUnitsAndWait(DefaultGridServiceManagers.java:352)
	at org.openspaces.admin.internal.pu.DefaultProcessingUnit.undeployAndWait(DefaultProcessingUnit.java:541)
	at test.webui.recipes.AbstractSeleniumRecipeTest.undeployNonManagementServices(AbstractSeleniumRecipeTest.java:15)
	at test.webui.recipes.applications.AbstractSeleniumApplicationRecipeTest.uninstall(AbstractSeleniumApplicationRecipeTest.java:60)
	at sun.reflect.NativeMethodAccessorImpl.invoke0(Native Method)
	at sun.reflect.NativeMethodAccessorImpl.invoke(NativeMethodAccessorImpl.java:39)
	at sun.reflect.DelegatingMethodAccessorImpl.invoke(DelegatingMethodAccessorImpl.java:25)
	at java.lang.reflect.Method.invoke(Method.java:597)
	at org.testng.internal.MethodInvocationHelper.invokeMethod(MethodInvocationHelper.java:80)
	at org.testng.internal.Invoker.invokeConfigurationMethod(Invoker.java:543)
	at org.testng.internal.Invoker.invokeConfigurations(Invoker.java:212)
	at org.testng.internal.Invoker.invokeMethod(Invoker.java:772)
	at org.testng.internal.Invoker.invokeTestMethod(Invoker.java:883)
	at org.testng.internal.Invoker.invokeTestMethods(Invoker.java:1208)
	at org.testng.internal.TestMethodWorker.invokeTestMethods(TestMethodWorker.java:127)
	at org.testng.internal.TestMethodWorker.run(TestMethodWorker.java:111)
	at org.testng.TestRunner.privateRun(TestRunner.java:758)
	at org.testng.TestRunner.run(TestRunner.java:613)
	at org.testng.SuiteRunner.runTest(SuiteRunner.java:334)
	at org.testng.SuiteRunner.runSequentially(SuiteRunner.java:329)
	at org.testng.SuiteRunner.privateRun(SuiteRunner.java:291)
	at org.testng.SuiteRunner.run(SuiteRunner.java:240)
	at org.testng.SuiteRunnerWorker.runSuite(SuiteRunnerWorker.java:53)
	at org.testng.SuiteRunnerWorker.run(SuiteRunnerWorker.java:87)
	at org.testng.TestNG.runSuitesSequentially(TestNG.java:1142)
	at org.testng.TestNG.runSuitesLocally(TestNG.java:1067)
	at org.testng.TestNG.run(TestNG.java:979)
	at org.testng.remote.RemoteTestNG.run(RemoteTestNG.java:109)
	at org.testng.remote.RemoteTestNG.initAndRun(RemoteTestNG.java:202)
	at org.testng.remote.RemoteTestNG.main(RemoteTestNG.java:173)
]]>
    </failure>
  </testcase>
</testsuite>
