<?xml version="1.0" encoding="UTF-8"?>
<!-- Generated by org.testng.reporters.JUnitReportReporter -->
<testsuite hostname="noak-PC" name="test.cli.cloudify.github.GitCloudifyBuildTest" tests="1" failures="0" timestamp="20 May 2012 15:03:19 GMT" time="122.517" errors="1">
  <testcase name="test" time="122.517" classname="test.cli.cloudify.github.GitCloudifyBuildTest">
    <error type="java.lang.AssertionError" message="In RunCommand: Process did not complete successfully">
      <![CDATA[java.lang.AssertionError: In RunCommand: Process did not complete successfully
	at org.testng.Assert.fail(Assert.java:89)
	at framework.utils.AssertUtils.AssertFail(AssertUtils.java:102)
	at framework.utils.AssertUtils.AssertFail(AssertUtils.java:94)
	at test.AbstractTest.AssertFail(AbstractTest.java:109)
	at test.cli.cloudify.CommandTestUtils.handleCliOutput(CommandTestUtils.java:113)
	at test.cli.cloudify.CommandTestUtils.runLocalCommand(CommandTestUtils.java:73)
	at test.cli.cloudify.github.GitCloudifyBuildTest.test(GitCloudifyBuildTest.java:39)
	at sun.reflect.NativeMethodAccessorImpl.invoke0(Native Method)
	at sun.reflect.NativeMethodAccessorImpl.invoke(NativeMethodAccessorImpl.java:39)
	at sun.reflect.DelegatingMethodAccessorImpl.invoke(DelegatingMethodAccessorImpl.java:25)
	at java.lang.reflect.Method.invoke(Method.java:597)
	at org.testng.internal.MethodInvocationHelper.invokeMethod(MethodInvocationHelper.java:80)
	at org.testng.internal.InvokeMethodRunnable.runOne(InvokeMethodRunnable.java:46)
	at org.testng.internal.InvokeMethodRunnable.run(InvokeMethodRunnable.java:37)
	at java.util.concurrent.Executors$RunnableAdapter.call(Executors.java:441)
	at java.util.concurrent.FutureTask$Sync.innerRun(FutureTask.java:303)
	at java.util.concurrent.FutureTask.run(FutureTask.java:138)
	at java.util.concurrent.ThreadPoolExecutor$Worker.runTask(ThreadPoolExecutor.java:886)
	at java.util.concurrent.ThreadPoolExecutor$Worker.run(ThreadPoolExecutor.java:908)
	at java.lang.Thread.run(Thread.java:662)
]]>
    </error>
  </testcase> <!-- test -->
</testsuite> <!-- test.cli.cloudify.github.GitCloudifyBuildTest -->
